[    46.201] 
X.Org X Server 1.21.1.2
X Protocol Version 11, Revision 0
[    46.201] Current Operating System: Linux michigan 5.15.10-arch1-1 #1 SMP PREEMPT Fri, 17 Dec 2021 11:17:37 +0000 x86_64
[    46.201] Kernel command line: BOOT_IMAGE=/vmlinuz-linux root=UUID=6658d002-cb02-47af-a4e8-acce0bf57ee8 rw loglevel=3 quiet
[    46.201]  
[    46.201] Current version of pixman: 0.40.0
[    46.202] 	Before reporting problems, check http://wiki.x.org
	to make sure that you have the latest version.
[    46.202] Markers: (--) probed, (**) from config file, (==) default setting,
	(++) from command line, (!!) notice, (II) informational,
	(WW) warning, (EE) error, (NI) not implemented, (??) unknown.
[    46.202] (==) Log file: "/home/dennis/.local/share/xorg/Xorg.0.log", Time: Tue Dec 21 23:53:28 2021
[    46.206] (==) Using system config directory "/usr/share/X11/xorg.conf.d"
[    46.207] (==) No Layout section.  Using the first Screen section.
[    46.207] (==) No screen section available. Using defaults.
[    46.207] (**) |-->Screen "Default Screen Section" (0)
[    46.207] (**) |   |-->Monitor "<default monitor>"
[    46.208] (==) No monitor specified for screen "Default Screen Section".
	Using a default monitor configuration.
[    46.208] (==) Automatically adding devices
[    46.208] (==) Automatically enabling devices
[    46.208] (==) Automatically adding GPU devices
[    46.208] (==) Automatically binding GPU devices
[    46.208] (==) Max clients allowed: 256, resource mask: 0x1fffff
[    46.208] (WW) The directory "/usr/share/fonts/misc" does not exist.
[    46.208] 	Entry deleted from font path.
[    46.209] (WW) `fonts.dir' not found (or not valid) in "/usr/share/fonts/TTF".
[    46.209] 	Entry deleted from font path.
[    46.209] 	(Run 'mkfontdir' on "/usr/share/fonts/TTF").
[    46.210] (WW) `fonts.dir' not found (or not valid) in "/usr/share/fonts/OTF".
[    46.210] 	Entry deleted from font path.
[    46.210] 	(Run 'mkfontdir' on "/usr/share/fonts/OTF").
[    46.210] (WW) The directory "/usr/share/fonts/Type1" does not exist.
[    46.210] 	Entry deleted from font path.
[    46.210] (WW) The directory "/usr/share/fonts/100dpi" does not exist.
[    46.210] 	Entry deleted from font path.
[    46.210] (WW) The directory "/usr/share/fonts/75dpi" does not exist.
[    46.210] 	Entry deleted from font path.
[    46.210] (==) FontPath set to:
	
[    46.210] (==) ModulePath set to "/usr/lib/xorg/modules"
[    46.210] (II) The server relies on udev to provide the list of input devices.
	If no devices become available, reconfigure udev or disable AutoAddDevices.
[    46.210] (II) Module ABI versions:
[    46.210] 	X.Org ANSI C Emulation: 0.4
[    46.210] 	X.Org Video Driver: 25.2
[    46.210] 	X.Org XInput driver : 24.4
[    46.210] 	X.Org Server Extension : 10.0
[    46.211] (++) using VT number 1

[    46.212] (II) systemd-logind: took control of session /org/freedesktop/login1/session/_31
[    46.214] (II) xfree86: Adding drm device (/dev/dri/card0)
[    46.214] (II) Platform probe for /sys/devices/pci0000:00/0000:00:02.0/drm/card0
[    46.215] (II) systemd-logind: got fd for /dev/dri/card0 226:0 fd 11 paused 0
[    46.220] (--) PCI:*(0@0:2:0) 8086:2a42:17aa:20e4 rev 7, Mem @ 0xf2000000/4194304, 0xd0000000/268435456, I/O @ 0x00001800/8, BIOS @ 0x????????/131072
[    46.221] (--) PCI: (0@0:2:1) 8086:2a43:17aa:20e4 rev 7, Mem @ 0xf2400000/1048576
[    46.221] (WW) Open ACPI failed (/var/run/acpid.socket) (No such file or directory)
[    46.221] (II) LoadModule: "glx"
[    46.222] (II) Loading /usr/lib/xorg/modules/extensions/libglx.so
[    46.234] (II) Module glx: vendor="X.Org Foundation"
[    46.234] 	compiled for 1.21.1.2, module version = 1.0.0
[    46.234] 	ABI class: X.Org Server Extension, version 10.0
[    46.234] (==) Matched intel as autoconfigured driver 0
[    46.234] (==) Matched modesetting as autoconfigured driver 1
[    46.234] (==) Matched fbdev as autoconfigured driver 2
[    46.234] (==) Matched vesa as autoconfigured driver 3
[    46.234] (==) Assigned the driver to the xf86ConfigLayout
[    46.234] (II) LoadModule: "intel"
[    46.236] (WW) Warning, couldn't open module intel
[    46.236] (EE) Failed to load module "intel" (module does not exist, 0)
[    46.236] (II) LoadModule: "modesetting"
[    46.236] (II) Loading /usr/lib/xorg/modules/drivers/modesetting_drv.so
[    46.244] (II) Module modesetting: vendor="X.Org Foundation"
[    46.245] 	compiled for 1.21.1.2, module version = 1.21.1
[    46.245] 	Module class: X.Org Video Driver
[    46.245] 	ABI class: X.Org Video Driver, version 25.2
[    46.245] (II) LoadModule: "fbdev"
[    46.245] (WW) Warning, couldn't open module fbdev
[    46.245] (EE) Failed to load module "fbdev" (module does not exist, 0)
[    46.245] (II) LoadModule: "vesa"
[    46.245] (WW) Warning, couldn't open module vesa
[    46.245] (EE) Failed to load module "vesa" (module does not exist, 0)
[    46.245] (II) modesetting: Driver for Modesetting Kernel Drivers: kms
[    46.245] (II) modeset(0): using drv /dev/dri/card0
[    46.245] (WW) VGA arbiter: cannot open kernel arbiter, no multi-card support
[    46.245] (II) modeset(0): Creating default Display subsection in Screen section
	"Default Screen Section" for depth/fbbpp 24/32
[    46.245] (==) modeset(0): Depth 24, (==) framebuffer bpp 32
[    46.245] (==) modeset(0): RGB weight 888
[    46.245] (==) modeset(0): Default visual is TrueColor
[    46.245] (II) Loading sub module "glamoregl"
[    46.245] (II) LoadModule: "glamoregl"
[    46.246] (II) Loading /usr/lib/xorg/modules/libglamoregl.so
[    46.257] (II) Module glamoregl: vendor="X.Org Foundation"
[    46.257] 	compiled for 1.21.1.2, module version = 1.0.1
[    46.257] 	ABI class: X.Org ANSI C Emulation, version 0.4
[    46.351] (II) modeset(0): glamor X acceleration enabled on Mesa DRI Mobile Intel® GM45 Express Chipset (CTG)
[    46.351] (II) modeset(0): glamor initialized
[    46.351] (==) modeset(0): VariableRefresh: disabled
[    46.351] (==) modeset(0): AsyncFlipSecondaries: disabled
[    46.351] (II) modeset(0): Output LVDS-1 has no monitor section
[    46.362] (II) modeset(0): Output VGA-1 has no monitor section
[    46.585] (II) modeset(0): Output HDMI-1 has no monitor section
[    46.664] (II) modeset(0): Output DP-1 has no monitor section
[    46.665] (II) modeset(0): Output HDMI-2 has no monitor section
[    46.665] (II) modeset(0): Output DP-2 has no monitor section
[    46.666] (II) modeset(0): Output DP-3 has no monitor section
[    46.667] (II) modeset(0): EDID for output LVDS-1
[    46.667] (II) modeset(0): Manufacturer: LEN  Model: 4011  Serial#: 0
[    46.667] (II) modeset(0): Year: 2008  Week: 0
[    46.667] (II) modeset(0): EDID Version: 1.3
[    46.667] (II) modeset(0): Digital Display Input
[    46.667] (II) modeset(0): Max Image Size [cm]: horiz.: 26  vert.: 16
[    46.667] (II) modeset(0): Gamma: 2.20
[    46.667] (II) modeset(0): DPMS capabilities: StandBy Suspend Off
[    46.667] (II) modeset(0): Supported color encodings: RGB 4:4:4 YCrCb 4:4:4 
[    46.667] (II) modeset(0): First detailed timing is preferred mode
[    46.667] (II) modeset(0): redX: 0.577 redY: 0.369   greenX: 0.349 greenY: 0.569
[    46.667] (II) modeset(0): blueX: 0.150 blueY: 0.122   whiteX: 0.313 whiteY: 0.329
[    46.667] (II) modeset(0): Manufacturer's mask: 0
[    46.667] (II) modeset(0): Supported detailed timing:
[    46.667] (II) modeset(0): clock: 75.2 MHz   Image Size:  261 x 163 mm
[    46.668] (II) modeset(0): h_active: 1280  h_sync: 1328  h_sync_end 1412 h_blank_end 1522 h_border: 0
[    46.668] (II) modeset(0): v_active: 800  v_sync: 803  v_sync_end 809 v_blanking: 823 v_border: 0
[    46.668] (II) modeset(0): Supported detailed timing:
[    46.668] (II) modeset(0): clock: 75.2 MHz   Image Size:  261 x 163 mm
[    46.668] (II) modeset(0): h_active: 1280  h_sync: 1328  h_sync_end 1412 h_blank_end 1522 h_border: 0
[    46.668] (II) modeset(0): v_active: 800  v_sync: 803  v_sync_end 809 v_blanking: 823 v_border: 0
[    46.668] (II) modeset(0): Unknown vendor-specific block f
[    46.668] (II) modeset(0):  HX121WX1-111
[    46.668] (II) modeset(0): EDID (in hex):
[    46.668] (II) modeset(0): 	00ffffffffffff0030ae114000000000
[    46.668] (II) modeset(0): 	00120103801a1078eae795935e599126
[    46.668] (II) modeset(0): 	1f505400000001010101010101010101
[    46.668] (II) modeset(0): 	0101010101015c1d00f2502017303054
[    46.668] (II) modeset(0): 	360005a3100000195c1d00f250201730
[    46.668] (II) modeset(0): 	3054360005a3100000190000000f0081
[    46.668] (II) modeset(0): 	0a3c810a3c140a0000009e08000000fe
[    46.668] (II) modeset(0): 	0048583132315758312d3131310a00ce
[    46.669] (II) modeset(0): Printing probed modes for output LVDS-1
[    46.669] (II) modeset(0): Modeline "1280x800"x60.0   75.16  1280 1328 1412 1522  800 803 809 823 -hsync -vsync (49.4 kHz eP)
[    46.669] (II) modeset(0): Modeline "1280x800"x120.0  174.25  1280 1380 1516 1752  800 801 804 829 doublescan -hsync +vsync (99.5 kHz d)
[    46.669] (II) modeset(0): Modeline "1280x800"x119.9  134.25  1280 1304 1320 1360  800 801 804 823 doublescan +hsync -vsync (98.7 kHz d)
[    46.669] (II) modeset(0): Modeline "1280x800"x59.8   83.50  1280 1352 1480 1680  800 803 809 831 -hsync +vsync (49.7 kHz d)
[    46.669] (II) modeset(0): Modeline "1280x800"x59.9   71.00  1280 1328 1360 1440  800 803 809 823 +hsync -vsync (49.3 kHz d)
[    46.669] (II) modeset(0): Modeline "1280x720"x120.0  156.12  1280 1376 1512 1744  720 721 724 746 doublescan -hsync +vsync (89.5 kHz d)
[    46.669] (II) modeset(0): Modeline "1280x720"x120.0  120.75  1280 1304 1320 1360  720 721 724 740 doublescan +hsync -vsync (88.8 kHz d)
[    46.669] (II) modeset(0): Modeline "1280x720"x59.9   74.50  1280 1344 1472 1664  720 723 728 748 -hsync +vsync (44.8 kHz d)
[    46.669] (II) modeset(0): Modeline "1280x720"x59.7   63.75  1280 1328 1360 1440  720 723 728 741 +hsync -vsync (44.3 kHz d)
[    46.670] (II) modeset(0): Modeline "1024x768"x120.1  133.47  1024 1100 1212 1400  768 768 770 794 doublescan -hsync +vsync (95.3 kHz d)
[    46.670] (II) modeset(0): Modeline "1024x768"x60.0   65.00  1024 1048 1184 1344  768 771 777 806 -hsync -vsync (48.4 kHz d)
[    46.670] (II) modeset(0): Modeline "960x720"x120.0  117.00  960 1024 1128 1300  720 720 722 750 doublescan -hsync +vsync (90.0 kHz d)
[    46.670] (II) modeset(0): Modeline "928x696"x120.1  109.15  928 976 1088 1264  696 696 698 719 doublescan -hsync +vsync (86.4 kHz d)
[    46.670] (II) modeset(0): Modeline "896x672"x120.0  102.40  896 960 1060 1224  672 672 674 697 doublescan -hsync +vsync (83.7 kHz d)
[    46.670] (II) modeset(0): Modeline "1024x576"x119.9   98.50  1024 1092 1200 1376  576 577 580 597 doublescan -hsync +vsync (71.6 kHz d)
[    46.670] (II) modeset(0): Modeline "1024x576"x119.9   78.38  1024 1048 1064 1104  576 577 580 592 doublescan +hsync -vsync (71.0 kHz d)
[    46.670] (II) modeset(0): Modeline "1024x576"x59.9   46.50  1024 1064 1160 1296  576 579 584 599 -hsync +vsync (35.9 kHz d)
[    46.670] (II) modeset(0): Modeline "1024x576"x59.8   42.00  1024 1072 1104 1184  576 579 584 593 +hsync -vsync (35.5 kHz d)
[    46.670] (II) modeset(0): Modeline "960x600"x119.9   96.62  960 1028 1128 1296  600 601 604 622 doublescan -hsync +vsync (74.6 kHz d)
[    46.670] (II) modeset(0): Modeline "960x600"x120.0   77.00  960 984 1000 1040  600 601 604 617 doublescan +hsync -vsync (74.0 kHz d)
[    46.670] (II) modeset(0): Modeline "960x540"x119.9   86.50  960 1024 1124 1288  540 541 544 560 doublescan -hsync +vsync (67.2 kHz d)
[    46.670] (II) modeset(0): Modeline "960x540"x120.0   69.25  960 984 1000 1040  540 541 544 555 doublescan +hsync -vsync (66.6 kHz d)
[    46.670] (II) modeset(0): Modeline "960x540"x59.6   40.75  960 992 1088 1216  540 543 548 562 -hsync +vsync (33.5 kHz d)
[    46.670] (II) modeset(0): Modeline "960x540"x59.8   37.25  960 1008 1040 1120  540 543 548 556 +hsync -vsync (33.3 kHz d)
[    46.670] (II) modeset(0): Modeline "800x600"x120.0   81.00  800 832 928 1080  600 600 602 625 doublescan +hsync +vsync (75.0 kHz d)
[    46.670] (II) modeset(0): Modeline "800x600"x60.3   40.00  800 840 968 1056  600 601 605 628 +hsync +vsync (37.9 kHz d)
[    46.670] (II) modeset(0): Modeline "800x600"x56.2   36.00  800 824 896 1024  600 601 603 625 +hsync +vsync (35.2 kHz d)
[    46.670] (II) modeset(0): Modeline "840x525"x120.0   73.12  840 892 980 1120  525 526 529 544 doublescan -hsync +vsync (65.3 kHz d)
[    46.670] (II) modeset(0): Modeline "840x525"x119.8   59.50  840 864 880 920  525 526 529 540 doublescan +hsync -vsync (64.7 kHz d)
[    46.670] (II) modeset(0): Modeline "864x486"x59.9   32.50  864 888 968 1072  486 489 494 506 -hsync +vsync (30.3 kHz d)
[    46.671] (II) modeset(0): Modeline "864x486"x59.6   30.50  864 912 944 1024  486 489 494 500 +hsync -vsync (29.8 kHz d)
[    46.671] (II) modeset(0): Modeline "700x525"x120.0   61.00  700 744 820 940  525 526 532 541 doublescan +hsync +vsync (64.9 kHz d)
[    46.671] (II) modeset(0): Modeline "800x450"x119.9   59.12  800 848 928 1056  450 451 454 467 doublescan -hsync +vsync (56.0 kHz d)
[    46.671] (II) modeset(0): Modeline "800x450"x119.6   48.75  800 824 840 880  450 451 454 463 doublescan +hsync -vsync (55.4 kHz d)
[    46.671] (II) modeset(0): Modeline "640x512"x120.0   54.00  640 664 720 844  512 512 514 533 doublescan +hsync +vsync (64.0 kHz d)
[    46.671] (II) modeset(0): Modeline "700x450"x119.9   51.75  700 740 812 924  450 451 456 467 doublescan -hsync +vsync (56.0 kHz d)
[    46.671] (II) modeset(0): Modeline "700x450"x119.8   43.25  700 724 740 780  450 451 456 463 doublescan +hsync -vsync (55.4 kHz d)
[    46.671] (II) modeset(0): Modeline "640x480"x120.0   54.00  640 688 744 900  480 480 482 500 doublescan +hsync +vsync (60.0 kHz d)
[    46.671] (II) modeset(0): Modeline "640x480"x59.9   25.18  640 656 752 800  480 490 492 525 -hsync -vsync (31.5 kHz d)
[    46.671] (II) modeset(0): Modeline "720x405"x59.5   22.50  720 744 808 896  405 408 413 422 -hsync +vsync (25.1 kHz d)
[    46.671] (II) modeset(0): Modeline "720x405"x59.0   21.75  720 768 800 880  405 408 413 419 +hsync -vsync (24.7 kHz d)
[    46.671] (II) modeset(0): Modeline "684x384"x119.8   42.62  684 720 788 892  384 385 390 399 doublescan -hsync +vsync (47.8 kHz d)
[    46.671] (II) modeset(0): Modeline "684x384"x119.7   36.12  684 708 724 764  384 385 390 395 doublescan +hsync -vsync (47.3 kHz d)
[    46.671] (II) modeset(0): Modeline "640x400"x119.8   41.75  640 676 740 840  400 401 404 415 doublescan -hsync +vsync (49.7 kHz d)
[    46.671] (II) modeset(0): Modeline "640x400"x120.0   35.50  640 664 680 720  400 401 404 411 doublescan +hsync -vsync (49.3 kHz d)
[    46.671] (II) modeset(0): Modeline "640x360"x119.7   37.25  640 672 736 832  360 361 364 374 doublescan -hsync +vsync (44.8 kHz d)
[    46.671] (II) modeset(0): Modeline "640x360"x119.7   31.88  640 664 680 720  360 361 364 370 doublescan +hsync -vsync (44.3 kHz d)
[    46.671] (II) modeset(0): Modeline "640x360"x59.8   18.00  640 664 720 800  360 363 368 376 -hsync +vsync (22.5 kHz d)
[    46.671] (II) modeset(0): Modeline "640x360"x59.3   17.75  640 688 720 800  360 363 368 374 +hsync -vsync (22.2 kHz d)
[    46.671] (II) modeset(0): Modeline "512x384"x120.0   32.50  512 524 592 672  384 385 388 403 doublescan -hsync -vsync (48.4 kHz d)
[    46.671] (II) modeset(0): Modeline "512x288"x120.0   23.25  512 532 580 648  288 289 292 299 doublescan -hsync +vsync (35.9 kHz d)
[    46.672] (II) modeset(0): Modeline "512x288"x119.8   21.00  512 536 552 592  288 289 292 296 doublescan +hsync -vsync (35.5 kHz d)
[    46.672] (II) modeset(0): Modeline "480x270"x119.3   20.38  480 496 544 608  270 271 274 281 doublescan -hsync +vsync (33.5 kHz d)
[    46.672] (II) modeset(0): Modeline "480x270"x119.6   18.62  480 504 520 560  270 271 274 278 doublescan +hsync -vsync (33.3 kHz d)
[    46.672] (II) modeset(0): Modeline "400x300"x120.6   20.00  400 420 484 528  300 300 302 314 doublescan +hsync +vsync (37.9 kHz d)
[    46.672] (II) modeset(0): Modeline "400x300"x112.7   18.00  400 412 448 512  300 300 301 312 doublescan +hsync +vsync (35.2 kHz d)
[    46.672] (II) modeset(0): Modeline "432x243"x119.8   16.25  432 444 484 536  243 244 247 253 doublescan -hsync +vsync (30.3 kHz d)
[    46.672] (II) modeset(0): Modeline "432x243"x119.1   15.25  432 456 472 512  243 244 247 250 doublescan +hsync -vsync (29.8 kHz d)
[    46.672] (II) modeset(0): Modeline "320x240"x120.1   12.59  320 328 376 400  240 245 246 262 doublescan -hsync -vsync (31.5 kHz d)
[    46.672] (II) modeset(0): Modeline "360x202"x119.0   11.25  360 372 404 448  202 204 206 211 doublescan -hsync +vsync (25.1 kHz d)
[    46.672] (II) modeset(0): Modeline "360x202"x118.3   10.88  360 384 400 440  202 204 206 209 doublescan +hsync -vsync (24.7 kHz d)
[    46.672] (II) modeset(0): Modeline "320x180"x119.7    9.00  320 332 360 400  180 181 184 188 doublescan -hsync +vsync (22.5 kHz d)
[    46.672] (II) modeset(0): Modeline "320x180"x118.6    8.88  320 344 360 400  180 181 184 187 doublescan +hsync -vsync (22.2 kHz d)
[    46.680] (II) modeset(0): EDID for output VGA-1
[    46.905] (II) modeset(0): EDID for output HDMI-1
[    46.982] (II) modeset(0): EDID for output DP-1
[    46.984] (II) modeset(0): EDID for output HDMI-2
[    46.984] (II) modeset(0): EDID for output DP-2
[    46.984] (II) modeset(0): EDID for output DP-3
[    46.984] (II) modeset(0): Output LVDS-1 connected
[    46.984] (II) modeset(0): Output VGA-1 disconnected
[    46.984] (II) modeset(0): Output HDMI-1 disconnected
[    46.984] (II) modeset(0): Output DP-1 disconnected
[    46.984] (II) modeset(0): Output HDMI-2 disconnected
[    46.984] (II) modeset(0): Output DP-2 disconnected
[    46.984] (II) modeset(0): Output DP-3 disconnected
[    46.984] (II) modeset(0): Using exact sizes for initial modes
[    46.984] (II) modeset(0): Output LVDS-1 using initial mode 1280x800 +0+0
[    46.984] (==) modeset(0): Using gamma correction (1.0, 1.0, 1.0)
[    46.984] (==) modeset(0): DPI set to (96, 96)
[    46.984] (II) Loading sub module "fb"
[    46.984] (II) LoadModule: "fb"
[    46.984] (II) Module "fb" already built-in
[    47.029] (==) modeset(0): Backing store enabled
[    47.029] (==) modeset(0): Silken mouse enabled
[    47.054] (II) modeset(0): Initializing kms color map for depth 24, 8 bpc.
[    47.055] (==) modeset(0): DPMS enabled
[    47.055] (II) modeset(0): [DRI2] Setup complete
[    47.055] (II) modeset(0): [DRI2]   DRI driver: i965
[    47.055] (II) modeset(0): [DRI2]   VDPAU driver: va_gl
[    47.055] (II) Initializing extension Generic Event Extension
[    47.055] (II) Initializing extension SHAPE
[    47.055] (II) Initializing extension MIT-SHM
[    47.056] (II) Initializing extension XInputExtension
[    47.057] (II) Initializing extension XTEST
[    47.057] (II) Initializing extension BIG-REQUESTS
[    47.058] (II) Initializing extension SYNC
[    47.059] (II) Initializing extension XKEYBOARD
[    47.059] (II) Initializing extension XC-MISC
[    47.060] (II) Initializing extension SECURITY
[    47.060] (II) Initializing extension XFIXES
[    47.061] (II) Initializing extension RENDER
[    47.062] (II) Initializing extension RANDR
[    47.063] (II) Initializing extension COMPOSITE
[    47.063] (II) Initializing extension DAMAGE
[    47.064] (II) Initializing extension MIT-SCREEN-SAVER
[    47.064] (II) Initializing extension DOUBLE-BUFFER
[    47.065] (II) Initializing extension RECORD
[    47.066] (II) Initializing extension DPMS
[    47.066] (II) Initializing extension Present
[    47.067] (II) Initializing extension DRI3
[    47.067] (II) Initializing extension X-Resource
[    47.068] (II) Initializing extension XVideo
[    47.068] (II) Initializing extension XVideo-MotionCompensation
[    47.069] (II) Initializing extension GLX
[    47.082] (II) AIGLX: Loaded and initialized i965
[    47.082] (II) GLX: Initialized DRI2 GL provider for screen 0
[    47.082] (II) Initializing extension XFree86-VidModeExtension
[    47.082] (II) Initializing extension XFree86-DGA
[    47.083] (II) Initializing extension XFree86-DRI
[    47.083] (II) Initializing extension DRI2
[    47.085] (II) modeset(0): Damage tracking initialized
[    47.085] (II) modeset(0): Setting screen physical size to 338 x 211
[    47.176] (II) config/udev: Adding input device Power Button (/dev/input/event2)
[    47.176] (**) Power Button: Applying InputClass "libinput keyboard catchall"
[    47.176] (II) LoadModule: "libinput"
[    47.176] (II) Loading /usr/lib/xorg/modules/input/libinput_drv.so
[    47.183] (II) Module libinput: vendor="X.Org Foundation"
[    47.183] 	compiled for 1.21.1, module version = 1.2.0
[    47.183] 	Module class: X.Org XInput Driver
[    47.184] 	ABI class: X.Org XInput driver, version 24.4
[    47.184] (II) Using input driver 'libinput' for 'Power Button'
[    47.185] (II) systemd-logind: got fd for /dev/input/event2 13:66 fd 21 paused 0
[    47.185] (**) Power Button: always reports core events
[    47.185] (**) Option "Device" "/dev/input/event2"
[    47.186] (**) Option "_source" "server/udev"
[    47.198] (II) event2  - Power Button: is tagged by udev as: Keyboard
[    47.198] (II) event2  - Power Button: device is a keyboard
[    47.198] (II) event2  - Power Button: device removed
[    47.198] (**) Option "config_info" "udev:/sys/devices/LNXSYSTM:00/LNXPWRBN:00/input/input2/event2"
[    47.198] (II) XINPUT: Adding extended input device "Power Button" (type: KEYBOARD, id 6)
[    47.200] (II) event2  - Power Button: is tagged by udev as: Keyboard
[    47.200] (II) event2  - Power Button: device is a keyboard
[    47.201] (II) config/udev: Adding input device Video Bus (/dev/input/event13)
[    47.202] (**) Video Bus: Applying InputClass "libinput keyboard catchall"
[    47.202] (II) Using input driver 'libinput' for 'Video Bus'
[    47.203] (II) systemd-logind: got fd for /dev/input/event13 13:77 fd 24 paused 0
[    47.203] (**) Video Bus: always reports core events
[    47.203] (**) Option "Device" "/dev/input/event13"
[    47.203] (**) Option "_source" "server/udev"
[    47.204] (II) event13 - Video Bus: is tagged by udev as: Keyboard
[    47.204] (II) event13 - Video Bus: device is a keyboard
[    47.204] (II) event13 - Video Bus: device removed
[    47.204] (**) Option "config_info" "udev:/sys/devices/LNXSYSTM:00/LNXSYBUS:00/PNP0A08:00/LNXVIDEO:00/input/input15/event13"
[    47.204] (II) XINPUT: Adding extended input device "Video Bus" (type: KEYBOARD, id 7)
[    47.206] (II) event13 - Video Bus: is tagged by udev as: Keyboard
[    47.206] (II) event13 - Video Bus: device is a keyboard
[    47.207] (II) config/udev: Adding input device Lid Switch (/dev/input/event0)
[    47.207] (II) No input driver specified, ignoring this device.
[    47.207] (II) This device may have been added with another device file.
[    47.208] (II) config/udev: Adding input device Sleep Button (/dev/input/event1)
[    47.208] (**) Sleep Button: Applying InputClass "libinput keyboard catchall"
[    47.208] (II) Using input driver 'libinput' for 'Sleep Button'
[    47.209] (II) systemd-logind: got fd for /dev/input/event1 13:65 fd 25 paused 0
[    47.209] (**) Sleep Button: always reports core events
[    47.209] (**) Option "Device" "/dev/input/event1"
[    47.209] (**) Option "_source" "server/udev"
[    47.210] (II) event1  - Sleep Button: is tagged by udev as: Keyboard
[    47.211] (II) event1  - Sleep Button: device is a keyboard
[    47.211] (II) event1  - Sleep Button: device removed
[    47.211] (**) Option "config_info" "udev:/sys/devices/LNXSYSTM:00/LNXSYBUS:00/PNP0C0E:00/input/input1/event1"
[    47.211] (II) XINPUT: Adding extended input device "Sleep Button" (type: KEYBOARD, id 8)
[    47.212] (II) event1  - Sleep Button: is tagged by udev as: Keyboard
[    47.212] (II) event1  - Sleep Button: device is a keyboard
[    47.215] (II) config/udev: Adding input device UVC Camera (17ef:480c): Integra (/dev/input/event14)
[    47.215] (**) UVC Camera (17ef:480c): Integra: Applying InputClass "libinput keyboard catchall"
[    47.215] (II) Using input driver 'libinput' for 'UVC Camera (17ef:480c): Integra'
[    47.215] (II) systemd-logind: got fd for /dev/input/event14 13:78 fd 26 paused 0
[    47.215] (**) UVC Camera (17ef:480c): Integra: always reports core events
[    47.216] (**) Option "Device" "/dev/input/event14"
[    47.216] (**) Option "_source" "server/udev"
[    47.217] (II) event14 - UVC Camera (17ef:480c): Integra: is tagged by udev as: Keyboard
[    47.218] (II) event14 - UVC Camera (17ef:480c): Integra: device is a keyboard
[    47.218] (II) event14 - UVC Camera (17ef:480c): Integra: device removed
[    47.218] (**) Option "config_info" "udev:/sys/devices/pci0000:00/0000:00:1a.7/usb1/1-6/1-6:1.0/input/input16/event14"
[    47.218] (II) XINPUT: Adding extended input device "UVC Camera (17ef:480c): Integra" (type: KEYBOARD, id 9)
[    47.220] (II) event14 - UVC Camera (17ef:480c): Integra: is tagged by udev as: Keyboard
[    47.220] (II) event14 - UVC Camera (17ef:480c): Integra: device is a keyboard
[    47.221] (II) config/udev: Adding input device HDA Intel Line Out (/dev/input/event9)
[    47.221] (II) No input driver specified, ignoring this device.
[    47.221] (II) This device may have been added with another device file.
[    47.222] (II) config/udev: Adding input device HDA Intel Dock Headphone (/dev/input/event10)
[    47.222] (II) No input driver specified, ignoring this device.
[    47.222] (II) This device may have been added with another device file.
[    47.222] (II) config/udev: Adding input device HDA Intel Headphone (/dev/input/event11)
[    47.222] (II) No input driver specified, ignoring this device.
[    47.222] (II) This device may have been added with another device file.
[    47.223] (II) config/udev: Adding input device HDA Intel Dock Mic (/dev/input/event7)
[    47.223] (II) No input driver specified, ignoring this device.
[    47.223] (II) This device may have been added with another device file.
[    47.224] (II) config/udev: Adding input device HDA Intel Dock Mic (/dev/input/event8)
[    47.224] (II) No input driver specified, ignoring this device.
[    47.224] (II) This device may have been added with another device file.
[    47.225] (II) config/udev: Adding input device AT Translated Set 2 keyboard (/dev/input/event3)
[    47.225] (**) AT Translated Set 2 keyboard: Applying InputClass "libinput keyboard catchall"
[    47.225] (II) Using input driver 'libinput' for 'AT Translated Set 2 keyboard'
[    47.226] (II) systemd-logind: got fd for /dev/input/event3 13:67 fd 27 paused 0
[    47.226] (**) AT Translated Set 2 keyboard: always reports core events
[    47.226] (**) Option "Device" "/dev/input/event3"
[    47.226] (**) Option "_source" "server/udev"
[    47.227] (II) event3  - AT Translated Set 2 keyboard: is tagged by udev as: Keyboard
[    47.227] (II) event3  - AT Translated Set 2 keyboard: device is a keyboard
[    47.228] (II) event3  - AT Translated Set 2 keyboard: device removed
[    47.228] (**) Option "config_info" "udev:/sys/devices/platform/i8042/serio0/input/input3/event3"
[    47.228] (II) XINPUT: Adding extended input device "AT Translated Set 2 keyboard" (type: KEYBOARD, id 10)
[    47.230] (II) event3  - AT Translated Set 2 keyboard: is tagged by udev as: Keyboard
[    47.230] (II) event3  - AT Translated Set 2 keyboard: device is a keyboard
[    47.232] (II) config/udev: Adding input device TPPS/2 IBM TrackPoint (/dev/input/event6)
[    47.232] (**) TPPS/2 IBM TrackPoint: Applying InputClass "libinput pointer catchall"
[    47.232] (II) Using input driver 'libinput' for 'TPPS/2 IBM TrackPoint'
[    47.234] (II) systemd-logind: got fd for /dev/input/event6 13:70 fd 28 paused 0
[    47.234] (**) TPPS/2 IBM TrackPoint: always reports core events
[    47.234] (**) Option "Device" "/dev/input/event6"
[    47.234] (**) Option "_source" "server/udev"
[    47.238] (II) event6  - TPPS/2 IBM TrackPoint: is tagged by udev as: Mouse Pointingstick
[    47.239] (II) event6  - TPPS/2 IBM TrackPoint: device is a pointer
[    47.242] (II) event6  - TPPS/2 IBM TrackPoint: device removed
[    47.243] (**) Option "config_info" "udev:/sys/devices/platform/i8042/serio1/input/input7/event6"
[    47.243] (II) XINPUT: Adding extended input device "TPPS/2 IBM TrackPoint" (type: MOUSE, id 11)
[    47.243] (**) Option "AccelerationScheme" "none"
[    47.243] (**) TPPS/2 IBM TrackPoint: (accel) selected scheme none/0
[    47.243] (**) TPPS/2 IBM TrackPoint: (accel) acceleration factor: 2.000
[    47.243] (**) TPPS/2 IBM TrackPoint: (accel) acceleration threshold: 4
[    47.247] (II) event6  - TPPS/2 IBM TrackPoint: is tagged by udev as: Mouse Pointingstick
[    47.249] (II) event6  - TPPS/2 IBM TrackPoint: device is a pointer
[    47.251] (II) config/udev: Adding input device TPPS/2 IBM TrackPoint (/dev/input/mouse0)
[    47.251] (II) No input driver specified, ignoring this device.
[    47.251] (II) This device may have been added with another device file.
[    47.252] (II) config/udev: Adding input device PC Speaker (/dev/input/event5)
[    47.252] (II) No input driver specified, ignoring this device.
[    47.252] (II) This device may have been added with another device file.
[    47.259] (II) config/udev: Adding input device ThinkPad Extra Buttons (/dev/input/event4)
[    47.259] (**) ThinkPad Extra Buttons: Applying InputClass "libinput keyboard catchall"
[    47.259] (II) Using input driver 'libinput' for 'ThinkPad Extra Buttons'
[    47.260] (II) systemd-logind: got fd for /dev/input/event4 13:68 fd 29 paused 0
[    47.260] (**) ThinkPad Extra Buttons: always reports core events
[    47.260] (**) Option "Device" "/dev/input/event4"
[    47.260] (**) Option "_source" "server/udev"
[    47.261] (II) event4  - ThinkPad Extra Buttons: is tagged by udev as: Keyboard Switch
[    47.261] (II) event4  - ThinkPad Extra Buttons: device is a keyboard
[    47.261] (II) event4  - ThinkPad Extra Buttons: device is a switch device
[    47.262] (II) event4  - ThinkPad Extra Buttons: device removed
[    47.262] (**) Option "config_info" "udev:/sys/devices/platform/thinkpad_acpi/input/input5/event4"
[    47.262] (II) XINPUT: Adding extended input device "ThinkPad Extra Buttons" (type: KEYBOARD, id 12)
[    47.263] (II) event4  - ThinkPad Extra Buttons: is tagged by udev as: Keyboard Switch
[    47.264] (II) event4  - ThinkPad Extra Buttons: device is a keyboard
[    47.264] (II) event4  - ThinkPad Extra Buttons: device is a switch device
[    47.265] (II) config/udev: Adding input device Serial Wacom Tablet WACf004 (/dev/ttyS4)
[    47.265] (**) Serial Wacom Tablet WACf004: Applying InputClass "Wacom serial class"
[    47.265] (**) Serial Wacom Tablet WACf004: Applying InputClass "Wacom serial class identifiers"
[    47.265] (II) LoadModule: "wacom"
[    47.265] (II) Loading /usr/lib/xorg/modules/input/wacom_drv.so
[    47.268] (II) Module wacom: vendor="X.Org Foundation"
[    47.268] 	compiled for 1.21.1.1, module version = 0.40.0
[    47.268] 	Module class: X.Org XInput Driver
[    47.268] 	ABI class: X.Org XInput driver, version 24.4
[    47.268] (II) Build version: 0.40.0
[    47.268] (II) wacom: Driver for Wacom graphics tablets: PenPartner, Graphire,
	Graphire2 4x5, Graphire2 5x7, Graphire3 4x5, Graphire3 6x8,
	Graphire4 4x5, Graphire4 6x8, BambooFun 4x5, BambooFun 6x8,
	Bamboo1 Medium, Graphire4 6x8 BlueTooth, CTL-460, CTH-461, CTL-660,
	CTL-461/S, Bamboo Touch, CTH-460/K, CTH-461/S, CTH-661/S1, CTH-461/L,
	CTH-661/L, Intuos 4x5, Intuos 6x8, Intuos 9x12, Intuos 12x12,
	Intuos 12x18, PTU600, PL400, PL500, PL600, PL600SX, PL550, PL800,
	PL700, PL510, PL710, DTI520, DTF720, DTF720a, DTF521, DTU1931,
	DTU2231, DTU1631, DTH1152, DTH1152, DTK2451, DTH2452, DTH2452,
	Wacom One Pen Display 13, Intuos2 4x5, Intuos2 6x8, Intuos2 9x12,
	Intuos2 12x12, Intuos2 12x18, Intuos2 6x8 , Volito, PenStation,
	Volito2 4x5, Volito2 2x3, PenPartner2, Bamboo, Bamboo1, Bamboo1 4x6,
	Bamboo1 5x8, Intuos3 4x5, Intuos3 6x8, Intuos3 9x12, Intuos3 12x12,
	Intuos3 12x19, Intuos3 6x11, Intuos3 4x6, Intuos4 4x6, Intuos4 6x9,
	Intuos4 8x13, Intuos4 12x19, Intuos4 WL USB Endpoint,
	Intuos4 WL Bluetooth Endpoint, Intuos5 touch S, Intuos5 touch M,
	Intuos5 touch L, Intuos5 S, Intuos5 M, Intuos Pro S, Intuos Pro M,
	Intuos Pro L, Cintiq 21UX, Cintiq 20WSX, Cintiq 12WX, Cintiq 21UX2,
	Cintiq 24HD, Cintiq 22HD, Cintiq 24HD touch (EMR digitizer),
	Cintiq 13HD, DTK2241, DTH2242, Cintiq 22HDT, Cintiq 27QHDT,
	Cintiq 27QHDT, Mobilestudio Pro 13, MobileStudio Pro 16,
	MobileStudio Pro 13, MobileStudio Pro 16, Cintiq 13 FHD Pro,
	Cintiq 16 UHD Pro, Cintiq Pro 24, Cintiq Pro 32, Cintiq 13 FHD Pro,
	Cintiq 16 UHD Pro, Cintiq Pro 24, Cintiq Pro 32, Cintiq Pro 24,
	Mobilestudio Pro 13, MobileStudio Pro 16, MobileStudio Pro 13,
	MobileStudio Pro 16, MobileStudio Pro 16, MobileStudio Pro 16,
	TabletPC 0x90, TabletPC 0x93, TabletPC 0x97, TabletPC 0x9A,
	CapPlus  0x9F, TabletPC 0xE2, TabletPC 0xE3, TabletPC 0xE5,
	TabletPC 0xE6, TabletPC 0xEC, TabletPC 0xED, TabletPC 0xEF,
	TabletPC 0x100, TabletPC 0x101, TabletPC 0x10D, TabletPC 0x116,
	TabletPC 0x12C, TabletPC 0x4001, TabletPC 0x4004, TabletPC 0x5000,
	TabletPC 0x5002, usb:172f:0024, usb:172f:0025, usb:172f:0026,
	usb:172f:0027, usb:172f:0028, usb:172f:0030, usb:172f:0031,
	usb:172f:0032, usb:172f:0033, usb:172f:0034, usb:172f:0035,
	usb:172f:0036, usb:172f:0037, usb:172f:0038, usb:172f:0039,
	usb:172f:0051, usb:172f:0052, usb:172f:0053, usb:172f:0054,
	usb:172f:0055, usb:172f:0056, usb:172f:0057, usb:172f:0058,
	usb:172f:0500, usb:172f:0501, usb:172f:0502, usb:172f:0503,
	usb:1b96:0001, usb:17ef:6004
[    47.270] (II) Using input driver 'wacom' for 'Serial Wacom Tablet WACf004'
[    47.271] (EE) systemd-logind: failed to take device /dev/ttyS4: No such device
[    47.271] (**) Serial Wacom Tablet WACf004: always reports core events
[    47.271] (**) Option "Device" "/dev/ttyS4"
[    47.271] (EE) xf86OpenSerial: Cannot open device /dev/ttyS4
	Permission denied.
[    47.271] (EE) Serial Wacom Tablet WACf004: Error opening /dev/ttyS4 (Permission denied)
[    47.271] (EE) PreInit returned 8 for "Serial Wacom Tablet WACf004"
[    47.271] (II) UnloadModule: "wacom"
[    47.272] (II) config/udev: Adding input device Wacom Serial Penabled Pen (/dev/input/event12)
[    47.272] (**) Wacom Serial Penabled Pen: Applying InputClass "libinput tablet catchall"
[    47.272] (**) Wacom Serial Penabled Pen: Applying InputClass "Wacom USB tablet class"
[    47.272] (**) Wacom Serial Penabled Pen: Applying InputClass "Wacom tablet class"
[    47.272] (**) Wacom Serial Penabled Pen: Applying InputClass "Wacom PnP device class"
[    47.272] (II) Using input driver 'wacom' for 'Wacom Serial Penabled Pen'
[    47.273] (II) systemd-logind: got fd for /dev/input/event12 13:76 fd 30 paused 0
[    47.273] (**) Wacom Serial Penabled Pen: always reports core events
[    47.273] (**) Option "Device" "/dev/input/event12"
[    47.273] (II) Wacom Serial Penabled Pen: type not specified, assuming 'stylus'.
[    47.273] (II) Wacom Serial Penabled Pen: other types will be automatically added.
[    47.273] (--) Wacom Serial Penabled Pen stylus: using pressure threshold of 851 for button 1
[    47.273] (**) Wacom Serial Penabled Pen stylus: panscroll is 0
[    47.273] (**) Wacom Serial Penabled Pen stylus: panscroll modified to 1300
[    47.273] (--) Wacom Serial Penabled Pen stylus: maxX=26312 maxY=16520 maxZ=255 resX=100000 resY=100000  tilt=disabled
[    47.273] (II) Wacom Serial Penabled Pen stylus: hotplugging dependent devices.
[    47.273] (EE) Wacom Serial Penabled Pen stylus: Invalid type 'cursor' for this device.
[    47.273] (EE) Wacom Serial Penabled Pen stylus: Invalid type 'touch' for this device.
[    47.273] (EE) Wacom Serial Penabled Pen stylus: Invalid type 'pad' for this device.
[    47.273] (II) Wacom Serial Penabled Pen stylus: hotplugging completed.
[    47.273] (**) Option "config_info" "udev:/sys/devices/pnp0/00:05/tty/ttyS4/serio2/input/input13/event12"
[    47.273] (II) XINPUT: Adding extended input device "Wacom Serial Penabled Pen stylus" (type: STYLUS, id 13)
[    47.274] (**) Wacom Serial Penabled Pen stylus: (accel) keeping acceleration scheme 1
[    47.274] (**) Wacom Serial Penabled Pen stylus: (accel) acceleration profile 0
[    47.274] (**) Wacom Serial Penabled Pen stylus: (accel) acceleration factor: 2.000
[    47.274] (**) Wacom Serial Penabled Pen stylus: (accel) acceleration threshold: 4
[    47.275] (II) config/udev: Adding input device Wacom Serial Penabled Pen (/dev/input/mouse1)
[    47.275] (II) No input driver specified, ignoring this device.
[    47.275] (II) This device may have been added with another device file.
[    47.288] (**) Wacom Serial Penabled Pen eraser: Applying InputClass "libinput tablet catchall"
[    47.288] (**) Wacom Serial Penabled Pen eraser: Applying InputClass "Wacom USB tablet class"
[    47.288] (**) Wacom Serial Penabled Pen eraser: Applying InputClass "Wacom tablet class"
[    47.288] (**) Wacom Serial Penabled Pen eraser: Applying InputClass "Wacom PnP device class"
[    47.288] (II) Using input driver 'wacom' for 'Wacom Serial Penabled Pen eraser'
[    47.288] (II) systemd-logind: returning pre-existing fd for /dev/input/event12 13:76
[    47.288] (**) Wacom Serial Penabled Pen eraser: always reports core events
[    47.288] (**) Option "Device" "/dev/input/event12"
[    47.288] (**) Option "Type" "eraser"
[    47.288] (**) Wacom Serial Penabled Pen eraser: panscroll is 1300
[    47.288] (**) Wacom Serial Penabled Pen eraser: panscroll modified to 1300
[    47.288] (--) Wacom Serial Penabled Pen eraser: maxX=26312 maxY=16520 maxZ=255 resX=100000 resY=100000  tilt=disabled
[    47.288] (**) Option "config_info" "udev:/sys/devices/pnp0/00:05/tty/ttyS4/serio2/input/input13/event12"
[    47.288] (II) XINPUT: Adding extended input device "Wacom Serial Penabled Pen eraser" (type: ERASER, id 14)
[    47.289] (**) Wacom Serial Penabled Pen eraser: (accel) keeping acceleration scheme 1
[    47.289] (**) Wacom Serial Penabled Pen eraser: (accel) acceleration profile 0
[    47.289] (**) Wacom Serial Penabled Pen eraser: (accel) acceleration factor: 2.000
[    47.289] (**) Wacom Serial Penabled Pen eraser: (accel) acceleration threshold: 4
[    47.477] (II) modeset(0): EDID vendor "LEN", prod id 16401
[    47.478] (II) modeset(0): Printing DDC gathered Modelines:
[    47.478] (II) modeset(0): Modeline "1280x800"x0.0   75.16  1280 1328 1412 1522  800 803 809 823 -hsync -vsync (49.4 kHz eP)
