[    21.594] (WW) Failed to open protocol names file lib/xorg/protocol.txt
[    21.595] 
X.Org X Server 1.20.13
X Protocol Version 11, Revision 0
[    21.595] Build Operating System: Linux Archlinux
[    21.595] Current Operating System: Linux michigan 5.13.7-arch1-1 #1 SMP PREEMPT Sat, 31 Jul 2021 13:18:52 +0000 x86_64
[    21.595] Kernel command line: BOOT_IMAGE=/vmlinuz-linux root=UUID=360e548b-f3e5-4be7-beba-24737b508ecf rw loglevel=3 quiet
[    21.595] Build Date: 29 July 2021  07:43:01PM
[    21.595]  
[    21.595] Current version of pixman: 0.40.0
[    21.596] 	Before reporting problems, check http://wiki.x.org
	to make sure that you have the latest version.
[    21.596] Markers: (--) probed, (**) from config file, (==) default setting,
	(++) from command line, (!!) notice, (II) informational,
	(WW) warning, (EE) error, (NI) not implemented, (??) unknown.
[    21.596] (==) Log file: "/home/lukesmith/.local/share/xorg/Xorg.0.log", Time: Sun Aug  8 10:43:34 2021
[    21.600] (==) Using config directory: "/etc/X11/xorg.conf.d"
[    21.600] (==) Using system config directory "/usr/share/X11/xorg.conf.d"
[    21.601] (==) No Layout section.  Using the first Screen section.
[    21.601] (==) No screen section available. Using defaults.
[    21.601] (**) |-->Screen "Default Screen Section" (0)
[    21.601] (**) |   |-->Monitor "<default monitor>"
[    21.602] (==) No monitor specified for screen "Default Screen Section".
	Using a default monitor configuration.
[    21.602] (==) Automatically adding devices
[    21.602] (==) Automatically enabling devices
[    21.602] (==) Automatically adding GPU devices
[    21.602] (==) Automatically binding GPU devices
[    21.602] (==) Max clients allowed: 256, resource mask: 0x1fffff
[    21.603] (WW) The directory "/usr/share/fonts/misc" does not exist.
[    21.603] 	Entry deleted from font path.
[    21.603] (WW) The directory "/usr/share/fonts/TTF" does not exist.
[    21.603] 	Entry deleted from font path.
[    21.603] (WW) The directory "/usr/share/fonts/OTF" does not exist.
[    21.603] 	Entry deleted from font path.
[    21.603] (WW) The directory "/usr/share/fonts/Type1" does not exist.
[    21.603] 	Entry deleted from font path.
[    21.603] (WW) The directory "/usr/share/fonts/100dpi" does not exist.
[    21.603] 	Entry deleted from font path.
[    21.603] (WW) The directory "/usr/share/fonts/75dpi" does not exist.
[    21.603] 	Entry deleted from font path.
[    21.603] (==) FontPath set to:
	
[    21.603] (==) ModulePath set to "/usr/lib/xorg/modules"
[    21.603] (II) The server relies on udev to provide the list of input devices.
	If no devices become available, reconfigure udev or disable AutoAddDevices.
[    21.603] (II) Module ABI versions:
[    21.603] 	X.Org ANSI C Emulation: 0.4
[    21.603] 	X.Org Video Driver: 24.1
[    21.603] 	X.Org XInput driver : 24.1
[    21.603] 	X.Org Server Extension : 10.0
[    21.604] (++) using VT number 1

[    21.606] (II) systemd-logind: took control of session /org/freedesktop/login1/session/_31
[    21.607] (II) xfree86: Adding drm device (/dev/dri/card0)
[    21.608] (II) systemd-logind: got fd for /dev/dri/card0 226:0 fd 10 paused 0
[    21.613] (--) PCI:*(0@0:2:0) 8086:2a02:17aa:20b5 rev 12, Mem @ 0xf8100000/1048576, 0xe0000000/268435456, I/O @ 0x00001800/8, BIOS @ 0x????????/131072
[    21.613] (--) PCI: (0@0:2:1) 8086:2a03:17aa:20b5 rev 12, Mem @ 0xf8200000/1048576
[    21.613] (WW) Open ACPI failed (/var/run/acpid.socket) (No such file or directory)
[    21.613] (II) LoadModule: "glx"
[    21.614] (II) Loading /usr/lib/xorg/modules/extensions/libglx.so
[    21.627] (II) Module glx: vendor="X.Org Foundation"
[    21.627] 	compiled for 1.20.13, module version = 1.0.0
[    21.627] 	ABI class: X.Org Server Extension, version 10.0
[    21.627] (==) Matched intel as autoconfigured driver 0
[    21.627] (==) Matched modesetting as autoconfigured driver 1
[    21.628] (==) Matched fbdev as autoconfigured driver 2
[    21.628] (==) Matched vesa as autoconfigured driver 3
[    21.628] (==) Assigned the driver to the xf86ConfigLayout
[    21.628] (II) LoadModule: "intel"
[    21.628] (WW) Warning, couldn't open module intel
[    21.628] (EE) Failed to load module "intel" (module does not exist, 0)
[    21.628] (II) LoadModule: "modesetting"
[    21.628] (II) Loading /usr/lib/xorg/modules/drivers/modesetting_drv.so
[    21.632] (II) Module modesetting: vendor="X.Org Foundation"
[    21.632] 	compiled for 1.20.13, module version = 1.20.13
[    21.632] 	Module class: X.Org Video Driver
[    21.632] 	ABI class: X.Org Video Driver, version 24.1
[    21.632] (II) LoadModule: "fbdev"
[    21.632] (WW) Warning, couldn't open module fbdev
[    21.632] (EE) Failed to load module "fbdev" (module does not exist, 0)
[    21.632] (II) LoadModule: "vesa"
[    21.633] (WW) Warning, couldn't open module vesa
[    21.633] (EE) Failed to load module "vesa" (module does not exist, 0)
[    21.633] (II) modesetting: Driver for Modesetting Kernel Drivers: kms
[    21.633] (II) modeset(0): using drv /dev/dri/card0
[    21.633] (WW) VGA arbiter: cannot open kernel arbiter, no multi-card support
[    21.633] (II) modeset(0): Creating default Display subsection in Screen section
	"Default Screen Section" for depth/fbbpp 24/32
[    21.633] (==) modeset(0): Depth 24, (==) framebuffer bpp 32
[    21.633] (==) modeset(0): RGB weight 888
[    21.633] (==) modeset(0): Default visual is TrueColor
[    21.633] (II) Loading sub module "glamoregl"
[    21.633] (II) LoadModule: "glamoregl"
[    21.633] (II) Loading /usr/lib/xorg/modules/libglamoregl.so
[    21.643] (II) Module glamoregl: vendor="X.Org Foundation"
[    21.643] 	compiled for 1.20.13, module version = 1.0.1
[    21.643] 	ABI class: X.Org ANSI C Emulation, version 0.4
[    21.747] (II) modeset(0): glamor X acceleration enabled on Mesa DRI Intel(R) 965GM (CL)
[    21.747] (II) modeset(0): glamor initialized
[    21.747] (II) modeset(0): Output LVDS-1 has no monitor section
[    21.756] (II) modeset(0): Output VGA-1 has no monitor section
[    21.760] (II) modeset(0): Output DVI-D-1 has no monitor section
[    21.760] (II) modeset(0): EDID for output LVDS-1
[    21.760] (II) modeset(0): Manufacturer: LEN  Model: 4043  Serial#: 0
[    21.760] (II) modeset(0): Year: 2005  Week: 0
[    21.760] (II) modeset(0): EDID Version: 1.3
[    21.760] (II) modeset(0): Digital Display Input
[    21.760] (II) modeset(0): Max Image Size [cm]: horiz.: 30  vert.: 23
[    21.760] (II) modeset(0): Gamma: 2.20
[    21.760] (II) modeset(0): DPMS capabilities: StandBy Suspend Off
[    21.760] (II) modeset(0): Supported color encodings: RGB 4:4:4 YCrCb 4:4:4 
[    21.760] (II) modeset(0): First detailed timing is preferred mode
[    21.760] (II) modeset(0): redX: 0.600 redY: 0.346   greenX: 0.327 greenY: 0.550
[    21.760] (II) modeset(0): blueX: 0.164 blueY: 0.145   whiteX: 0.312 whiteY: 0.328
[    21.760] (II) modeset(0): Supported established timings:
[    21.760] (II) modeset(0): 640x480@60Hz
[    21.760] (II) modeset(0): 800x600@60Hz
[    21.760] (II) modeset(0): 1024x768@60Hz
[    21.761] (II) modeset(0): Manufacturer's mask: 0
[    21.761] (II) modeset(0): Supported standard timings:
[    21.761] (II) modeset(0): #0: hsize: 1280  vsize 1024  refresh: 60  vid: 32897
[    21.761] (II) modeset(0): Supported detailed timing:
[    21.761] (II) modeset(0): clock: 108.0 MHz   Image Size:  305 x 228 mm
[    21.761] (II) modeset(0): h_active: 1400  h_sync: 1448  h_sync_end 1560 h_blank_end 1688 h_border: 0
[    21.761] (II) modeset(0): v_active: 1050  v_sync: 1051  v_sync_end 1054 v_blanking: 1066 v_border: 0
[    21.761] (II) modeset(0): Supported detailed timing:
[    21.761] (II) modeset(0): clock: 90.0 MHz   Image Size:  305 x 228 mm
[    21.761] (II) modeset(0): h_active: 1400  h_sync: 1448  h_sync_end 1560 h_blank_end 1688 h_border: 0
[    21.761] (II) modeset(0): v_active: 1050  v_sync: 1051  v_sync_end 1054 v_blanking: 1066 v_border: 0
[    21.761] (II) modeset(0): Unknown vendor-specific block f
[    21.761] (II) modeset(0):  LP150E05-A2
[    21.761] (II) modeset(0): EDID (in hex):
[    21.761] (II) modeset(0): 	00ffffffffffff0030ae434000000000
[    21.761] (II) modeset(0): 	000f0103801e1778eaaf009958538c2a
[    21.761] (II) modeset(0): 	25505421080081800101010101010101
[    21.761] (II) modeset(0): 	010101010101302a7820511a10403070
[    21.761] (II) modeset(0): 	130031e41000001828237820511a1040
[    21.761] (II) modeset(0): 	3070130031e4100000180000000f0090
[    21.761] (II) modeset(0): 	4332904328140600320c0000000000fe
[    21.761] (II) modeset(0): 	004c503135304530352d41320a20009b
[    21.761] (II) modeset(0): Printing probed modes for output LVDS-1
[    21.761] (II) modeset(0): Modeline "1400x1050"x60.0  108.00  1400 1448 1560 1688  1050 1051 1054 1066 -hsync -vsync (64.0 kHz eP)
[    21.761] (II) modeset(0): Modeline "1400x1050"x60.0  122.00  1400 1488 1640 1880  1050 1052 1064 1082 +hsync +vsync (64.9 kHz d)
[    21.761] (II) modeset(0): Modeline "1400x1050"x50.0   90.00  1400 1448 1560 1688  1050 1051 1054 1066 -hsync -vsync (53.3 kHz e)
[    21.761] (II) modeset(0): Modeline "1280x1024"x60.0  108.00  1280 1328 1440 1688  1024 1025 1028 1066 +hsync +vsync (64.0 kHz e)
[    21.761] (II) modeset(0): Modeline "1400x900"x60.0  103.50  1400 1480 1624 1848  900 903 913 934 -hsync +vsync (56.0 kHz d)
[    21.761] (II) modeset(0): Modeline "1400x900"x59.9   86.50  1400 1448 1480 1560  900 903 913 926 +hsync -vsync (55.4 kHz d)
[    21.761] (II) modeset(0): Modeline "1280x960"x60.0  108.00  1280 1376 1488 1800  960 961 964 1000 +hsync +vsync (60.0 kHz d)
[    21.761] (II) modeset(0): Modeline "1368x768"x59.9   85.25  1368 1440 1576 1784  768 771 781 798 -hsync +vsync (47.8 kHz d)
[    21.761] (II) modeset(0): Modeline "1368x768"x59.9   72.25  1368 1416 1448 1528  768 771 781 790 +hsync -vsync (47.3 kHz d)
[    21.761] (II) modeset(0): Modeline "1280x800"x120.0  174.25  1280 1380 1516 1752  800 801 804 829 doublescan -hsync +vsync (99.5 kHz d)
[    21.761] (II) modeset(0): Modeline "1280x800"x119.9  134.25  1280 1304 1320 1360  800 801 804 823 doublescan +hsync -vsync (98.7 kHz d)
[    21.761] (II) modeset(0): Modeline "1280x800"x59.8   83.50  1280 1352 1480 1680  800 803 809 831 -hsync +vsync (49.7 kHz d)
[    21.761] (II) modeset(0): Modeline "1280x800"x59.9   71.00  1280 1328 1360 1440  800 803 809 823 +hsync -vsync (49.3 kHz d)
[    21.761] (II) modeset(0): Modeline "1280x720"x120.0  156.12  1280 1376 1512 1744  720 721 724 746 doublescan -hsync +vsync (89.5 kHz d)
[    21.761] (II) modeset(0): Modeline "1280x720"x120.0  120.75  1280 1304 1320 1360  720 721 724 740 doublescan +hsync -vsync (88.8 kHz d)
[    21.761] (II) modeset(0): Modeline "1280x720"x59.9   74.50  1280 1344 1472 1664  720 723 728 748 -hsync +vsync (44.8 kHz d)
[    21.761] (II) modeset(0): Modeline "1280x720"x59.7   63.75  1280 1328 1360 1440  720 723 728 741 +hsync -vsync (44.3 kHz d)
[    21.762] (II) modeset(0): Modeline "1024x768"x120.1  133.47  1024 1100 1212 1400  768 768 770 794 doublescan -hsync +vsync (95.3 kHz d)
[    21.762] (II) modeset(0): Modeline "1024x768"x60.0   65.00  1024 1048 1184 1344  768 771 777 806 -hsync -vsync (48.4 kHz e)
[    21.762] (II) modeset(0): Modeline "960x720"x120.0  117.00  960 1024 1128 1300  720 720 722 750 doublescan -hsync +vsync (90.0 kHz d)
[    21.762] (II) modeset(0): Modeline "928x696"x120.1  109.15  928 976 1088 1264  696 696 698 719 doublescan -hsync +vsync (86.4 kHz d)
[    21.762] (II) modeset(0): Modeline "896x672"x120.0  102.40  896 960 1060 1224  672 672 674 697 doublescan -hsync +vsync (83.7 kHz d)
[    21.762] (II) modeset(0): Modeline "1024x576"x119.9   98.50  1024 1092 1200 1376  576 577 580 597 doublescan -hsync +vsync (71.6 kHz d)
[    21.762] (II) modeset(0): Modeline "1024x576"x119.9   78.38  1024 1048 1064 1104  576 577 580 592 doublescan +hsync -vsync (71.0 kHz d)
[    21.762] (II) modeset(0): Modeline "1024x576"x59.9   46.50  1024 1064 1160 1296  576 579 584 599 -hsync +vsync (35.9 kHz d)
[    21.762] (II) modeset(0): Modeline "1024x576"x59.8   42.00  1024 1072 1104 1184  576 579 584 593 +hsync -vsync (35.5 kHz d)
[    21.762] (II) modeset(0): Modeline "960x600"x119.9   96.62  960 1028 1128 1296  600 601 604 622 doublescan -hsync +vsync (74.6 kHz d)
[    21.762] (II) modeset(0): Modeline "960x600"x120.0   77.00  960 984 1000 1040  600 601 604 617 doublescan +hsync -vsync (74.0 kHz d)
[    21.762] (II) modeset(0): Modeline "960x540"x119.9   86.50  960 1024 1124 1288  540 541 544 560 doublescan -hsync +vsync (67.2 kHz d)
[    21.762] (II) modeset(0): Modeline "960x540"x120.0   69.25  960 984 1000 1040  540 541 544 555 doublescan +hsync -vsync (66.6 kHz d)
[    21.762] (II) modeset(0): Modeline "960x540"x59.6   40.75  960 992 1088 1216  540 543 548 562 -hsync +vsync (33.5 kHz d)
[    21.762] (II) modeset(0): Modeline "960x540"x59.8   37.25  960 1008 1040 1120  540 543 548 556 +hsync -vsync (33.3 kHz d)
[    21.762] (II) modeset(0): Modeline "800x600"x120.0   81.00  800 832 928 1080  600 600 602 625 doublescan +hsync +vsync (75.0 kHz d)
[    21.762] (II) modeset(0): Modeline "800x600"x60.3   40.00  800 840 968 1056  600 601 605 628 +hsync +vsync (37.9 kHz e)
[    21.762] (II) modeset(0): Modeline "800x600"x56.2   36.00  800 824 896 1024  600 601 603 625 +hsync +vsync (35.2 kHz d)
[    21.762] (II) modeset(0): Modeline "840x525"x120.0   73.12  840 892 980 1120  525 526 529 544 doublescan -hsync +vsync (65.3 kHz d)
[    21.762] (II) modeset(0): Modeline "840x525"x119.8   59.50  840 864 880 920  525 526 529 540 doublescan +hsync -vsync (64.7 kHz d)
[    21.762] (II) modeset(0): Modeline "864x486"x59.9   32.50  864 888 968 1072  486 489 494 506 -hsync +vsync (30.3 kHz d)
[    21.762] (II) modeset(0): Modeline "864x486"x59.6   30.50  864 912 944 1024  486 489 494 500 +hsync -vsync (29.8 kHz d)
[    21.762] (II) modeset(0): Modeline "700x525"x120.0   61.00  700 744 820 940  525 526 532 541 doublescan +hsync +vsync (64.9 kHz d)
[    21.762] (II) modeset(0): Modeline "800x450"x119.9   59.12  800 848 928 1056  450 451 454 467 doublescan -hsync +vsync (56.0 kHz d)
[    21.762] (II) modeset(0): Modeline "800x450"x119.6   48.75  800 824 840 880  450 451 454 463 doublescan +hsync -vsync (55.4 kHz d)
[    21.762] (II) modeset(0): Modeline "640x512"x120.0   54.00  640 664 720 844  512 512 514 533 doublescan +hsync +vsync (64.0 kHz d)
[    21.762] (II) modeset(0): Modeline "700x450"x119.9   51.75  700 740 812 924  450 451 456 467 doublescan -hsync +vsync (56.0 kHz d)
[    21.762] (II) modeset(0): Modeline "700x450"x119.8   43.25  700 724 740 780  450 451 456 463 doublescan +hsync -vsync (55.4 kHz d)
[    21.762] (II) modeset(0): Modeline "640x480"x120.0   54.00  640 688 744 900  480 480 482 500 doublescan +hsync +vsync (60.0 kHz d)
[    21.762] (II) modeset(0): Modeline "640x480"x59.9   25.18  640 656 752 800  480 490 492 525 -hsync -vsync (31.5 kHz e)
[    21.762] (II) modeset(0): Modeline "720x405"x59.5   22.50  720 744 808 896  405 408 413 422 -hsync +vsync (25.1 kHz d)
[    21.762] (II) modeset(0): Modeline "720x405"x59.0   21.75  720 768 800 880  405 408 413 419 +hsync -vsync (24.7 kHz d)
[    21.762] (II) modeset(0): Modeline "684x384"x119.8   42.62  684 720 788 892  384 385 390 399 doublescan -hsync +vsync (47.8 kHz d)
[    21.762] (II) modeset(0): Modeline "684x384"x119.7   36.12  684 708 724 764  384 385 390 395 doublescan +hsync -vsync (47.3 kHz d)
[    21.762] (II) modeset(0): Modeline "640x400"x119.8   41.75  640 676 740 840  400 401 404 415 doublescan -hsync +vsync (49.7 kHz d)
[    21.762] (II) modeset(0): Modeline "640x400"x120.0   35.50  640 664 680 720  400 401 404 411 doublescan +hsync -vsync (49.3 kHz d)
[    21.762] (II) modeset(0): Modeline "640x360"x119.7   37.25  640 672 736 832  360 361 364 374 doublescan -hsync +vsync (44.8 kHz d)
[    21.762] (II) modeset(0): Modeline "640x360"x119.7   31.88  640 664 680 720  360 361 364 370 doublescan +hsync -vsync (44.3 kHz d)
[    21.762] (II) modeset(0): Modeline "640x360"x59.8   18.00  640 664 720 800  360 363 368 376 -hsync +vsync (22.5 kHz d)
[    21.762] (II) modeset(0): Modeline "640x360"x59.3   17.75  640 688 720 800  360 363 368 374 +hsync -vsync (22.2 kHz d)
[    21.762] (II) modeset(0): Modeline "512x384"x120.0   32.50  512 524 592 672  384 385 388 403 doublescan -hsync -vsync (48.4 kHz d)
[    21.762] (II) modeset(0): Modeline "512x288"x120.0   23.25  512 532 580 648  288 289 292 299 doublescan -hsync +vsync (35.9 kHz d)
[    21.762] (II) modeset(0): Modeline "512x288"x119.8   21.00  512 536 552 592  288 289 292 296 doublescan +hsync -vsync (35.5 kHz d)
[    21.762] (II) modeset(0): Modeline "480x270"x119.3   20.38  480 496 544 608  270 271 274 281 doublescan -hsync +vsync (33.5 kHz d)
[    21.762] (II) modeset(0): Modeline "480x270"x119.6   18.62  480 504 520 560  270 271 274 278 doublescan +hsync -vsync (33.3 kHz d)
[    21.762] (II) modeset(0): Modeline "400x300"x120.6   20.00  400 420 484 528  300 300 302 314 doublescan +hsync +vsync (37.9 kHz d)
[    21.762] (II) modeset(0): Modeline "400x300"x112.7   18.00  400 412 448 512  300 300 301 312 doublescan +hsync +vsync (35.2 kHz d)
[    21.762] (II) modeset(0): Modeline "432x243"x119.8   16.25  432 444 484 536  243 244 247 253 doublescan -hsync +vsync (30.3 kHz d)
[    21.762] (II) modeset(0): Modeline "432x243"x119.1   15.25  432 456 472 512  243 244 247 250 doublescan +hsync -vsync (29.8 kHz d)
[    21.762] (II) modeset(0): Modeline "320x240"x120.1   12.59  320 328 376 400  240 245 246 262 doublescan -hsync -vsync (31.5 kHz d)
[    21.762] (II) modeset(0): Modeline "360x202"x119.0   11.25  360 372 404 448  202 204 206 211 doublescan -hsync +vsync (25.1 kHz d)
[    21.763] (II) modeset(0): Modeline "360x202"x118.3   10.88  360 384 400 440  202 204 206 209 doublescan +hsync -vsync (24.7 kHz d)
[    21.763] (II) modeset(0): Modeline "320x180"x119.7    9.00  320 332 360 400  180 181 184 188 doublescan -hsync +vsync (22.5 kHz d)
[    21.763] (II) modeset(0): Modeline "320x180"x118.6    8.88  320 344 360 400  180 181 184 187 doublescan +hsync -vsync (22.2 kHz d)
[    21.770] (II) modeset(0): EDID for output VGA-1
[    21.775] (II) modeset(0): EDID for output DVI-D-1
[    21.775] (II) modeset(0): Output LVDS-1 connected
[    21.775] (II) modeset(0): Output VGA-1 disconnected
[    21.775] (II) modeset(0): Output DVI-D-1 disconnected
[    21.775] (II) modeset(0): Using exact sizes for initial modes
[    21.775] (II) modeset(0): Output LVDS-1 using initial mode 1400x1050 +0+0
[    21.775] (==) modeset(0): Using gamma correction (1.0, 1.0, 1.0)
[    21.775] (==) modeset(0): DPI set to (96, 96)
[    21.775] (II) Loading sub module "fb"
[    21.775] (II) LoadModule: "fb"
[    21.775] (II) Loading /usr/lib/xorg/modules/libfb.so
[    21.777] (II) Module fb: vendor="X.Org Foundation"
[    21.777] 	compiled for 1.20.13, module version = 1.0.0
[    21.777] 	ABI class: X.Org ANSI C Emulation, version 0.4
[    21.813] (==) modeset(0): Backing store enabled
[    21.813] (==) modeset(0): Silken mouse disabled
[    21.839] (II) modeset(0): Initializing kms color map for depth 24, 8 bpc.
[    21.840] (==) modeset(0): DPMS enabled
[    21.840] (II) modeset(0): [DRI2] Setup complete
[    21.840] (II) modeset(0): [DRI2]   DRI driver: i965
[    21.840] (II) modeset(0): [DRI2]   VDPAU driver: va_gl
[    21.840] (II) Initializing extension Generic Event Extension
[    21.840] (II) Initializing extension SHAPE
[    21.840] (II) Initializing extension MIT-SHM
[    21.840] (II) Initializing extension XInputExtension
[    21.840] (II) Initializing extension XTEST
[    21.840] (II) Initializing extension BIG-REQUESTS
[    21.840] (II) Initializing extension SYNC
[    21.840] (II) Initializing extension XKEYBOARD
[    21.840] (II) Initializing extension XC-MISC
[    21.840] (II) Initializing extension SECURITY
[    21.840] (II) Initializing extension XFIXES
[    21.840] (II) Initializing extension RENDER
[    21.840] (II) Initializing extension RANDR
[    21.840] (II) Initializing extension COMPOSITE
[    21.840] (II) Initializing extension DAMAGE
[    21.840] (II) Initializing extension MIT-SCREEN-SAVER
[    21.840] (II) Initializing extension DOUBLE-BUFFER
[    21.840] (II) Initializing extension RECORD
[    21.840] (II) Initializing extension DPMS
[    21.840] (II) Initializing extension Present
[    21.841] (II) Initializing extension DRI3
[    21.841] (II) Initializing extension X-Resource
[    21.841] (II) Initializing extension XVideo
[    21.841] (II) Initializing extension XVideo-MotionCompensation
[    21.841] (II) Initializing extension GLX
[    21.855] (II) AIGLX: Loaded and initialized i965
[    21.855] (II) GLX: Initialized DRI2 GL provider for screen 0
[    21.855] (II) Initializing extension XFree86-VidModeExtension
[    21.855] (II) Initializing extension XFree86-DGA
[    21.855] (II) Initializing extension XFree86-DRI
[    21.855] (II) Initializing extension DRI2
[    21.857] (II) modeset(0): Damage tracking initialized
[    21.857] (II) modeset(0): Setting screen physical size to 370 x 277
[    21.943] (II) config/udev: Adding input device Power Button (/dev/input/event2)
[    21.943] (**) Power Button: Applying InputClass "libinput keyboard catchall"
[    21.943] (II) LoadModule: "libinput"
[    21.943] (II) Loading /usr/lib/xorg/modules/input/libinput_drv.so
[    21.950] (II) Module libinput: vendor="X.Org Foundation"
[    21.950] 	compiled for 1.20.11, module version = 1.1.0
[    21.950] 	Module class: X.Org XInput Driver
[    21.950] 	ABI class: X.Org XInput driver, version 24.1
[    21.950] (II) Using input driver 'libinput' for 'Power Button'
[    21.952] (II) systemd-logind: got fd for /dev/input/event2 13:66 fd 15 paused 0
[    21.952] (**) Power Button: always reports core events
[    21.952] (**) Option "Device" "/dev/input/event2"
[    21.953] (**) Option "_source" "server/udev"
[    21.964] (II) event2  - Power Button: is tagged by udev as: Keyboard
[    21.964] (II) event2  - Power Button: device is a keyboard
[    21.965] (II) event2  - Power Button: device removed
[    21.965] (**) Option "config_info" "udev:/sys/devices/LNXSYSTM:00/LNXPWRBN:00/input/input2/event2"
[    21.965] (II) XINPUT: Adding extended input device "Power Button" (type: KEYBOARD, id 6)
[    21.966] (II) event2  - Power Button: is tagged by udev as: Keyboard
[    21.967] (II) event2  - Power Button: device is a keyboard
[    21.968] (II) config/udev: Adding input device Video Bus (/dev/input/event9)
[    21.968] (**) Video Bus: Applying InputClass "libinput keyboard catchall"
[    21.968] (II) Using input driver 'libinput' for 'Video Bus'
[    21.969] (II) systemd-logind: got fd for /dev/input/event9 13:73 fd 18 paused 0
[    21.969] (**) Video Bus: always reports core events
[    21.969] (**) Option "Device" "/dev/input/event9"
[    21.969] (**) Option "_source" "server/udev"
[    21.971] (II) event9  - Video Bus: is tagged by udev as: Keyboard
[    21.971] (II) event9  - Video Bus: device is a keyboard
[    21.972] (II) event9  - Video Bus: device removed
[    21.972] (**) Option "config_info" "udev:/sys/devices/LNXSYSTM:00/LNXSYBUS:00/PNP0A08:00/LNXVIDEO:00/input/input10/event9"
[    21.972] (II) XINPUT: Adding extended input device "Video Bus" (type: KEYBOARD, id 7)
[    21.974] (II) event9  - Video Bus: is tagged by udev as: Keyboard
[    21.974] (II) event9  - Video Bus: device is a keyboard
[    21.976] (II) config/udev: Adding input device Lid Switch (/dev/input/event0)
[    21.976] (II) No input driver specified, ignoring this device.
[    21.976] (II) This device may have been added with another device file.
[    21.977] (II) config/udev: Adding input device Sleep Button (/dev/input/event1)
[    21.977] (**) Sleep Button: Applying InputClass "libinput keyboard catchall"
[    21.977] (II) Using input driver 'libinput' for 'Sleep Button'
[    21.978] (II) systemd-logind: got fd for /dev/input/event1 13:65 fd 19 paused 0
[    21.978] (**) Sleep Button: always reports core events
[    21.978] (**) Option "Device" "/dev/input/event1"
[    21.978] (**) Option "_source" "server/udev"
[    21.980] (II) event1  - Sleep Button: is tagged by udev as: Keyboard
[    21.980] (II) event1  - Sleep Button: device is a keyboard
[    21.980] (II) event1  - Sleep Button: device removed
[    21.980] (**) Option "config_info" "udev:/sys/devices/LNXSYSTM:00/LNXSYBUS:00/PNP0C0E:00/input/input1/event1"
[    21.980] (II) XINPUT: Adding extended input device "Sleep Button" (type: KEYBOARD, id 8)
[    21.982] (II) event1  - Sleep Button: is tagged by udev as: Keyboard
[    21.982] (II) event1  - Sleep Button: device is a keyboard
[    21.984] (II) config/udev: Adding input device HDA Intel Mic (/dev/input/event6)
[    21.984] (II) No input driver specified, ignoring this device.
[    21.984] (II) This device may have been added with another device file.
[    21.985] (II) config/udev: Adding input device HDA Intel Dock Mic (/dev/input/event7)
[    21.985] (II) No input driver specified, ignoring this device.
[    21.985] (II) This device may have been added with another device file.
[    21.986] (II) config/udev: Adding input device HDA Intel Headphone (/dev/input/event8)
[    21.986] (II) No input driver specified, ignoring this device.
[    21.986] (II) This device may have been added with another device file.
[    21.987] (II) config/udev: Adding input device AT Translated Set 2 keyboard (/dev/input/event3)
[    21.988] (**) AT Translated Set 2 keyboard: Applying InputClass "libinput keyboard catchall"
[    21.988] (II) Using input driver 'libinput' for 'AT Translated Set 2 keyboard'
[    21.989] (II) systemd-logind: got fd for /dev/input/event3 13:67 fd 20 paused 0
[    21.989] (**) AT Translated Set 2 keyboard: always reports core events
[    21.989] (**) Option "Device" "/dev/input/event3"
[    21.989] (**) Option "_source" "server/udev"
[    21.991] (II) event3  - AT Translated Set 2 keyboard: is tagged by udev as: Keyboard
[    21.991] (II) event3  - AT Translated Set 2 keyboard: device is a keyboard
[    21.992] (II) event3  - AT Translated Set 2 keyboard: device removed
[    21.992] (**) Option "config_info" "udev:/sys/devices/platform/i8042/serio0/input/input3/event3"
[    21.992] (II) XINPUT: Adding extended input device "AT Translated Set 2 keyboard" (type: KEYBOARD, id 9)
[    21.994] (II) event3  - AT Translated Set 2 keyboard: is tagged by udev as: Keyboard
[    21.995] (II) event3  - AT Translated Set 2 keyboard: device is a keyboard
[    21.997] (II) config/udev: Adding input device TPPS/2 IBM TrackPoint (/dev/input/event5)
[    21.997] (**) TPPS/2 IBM TrackPoint: Applying InputClass "libinput pointer catchall"
[    21.997] (II) Using input driver 'libinput' for 'TPPS/2 IBM TrackPoint'
[    21.998] (II) systemd-logind: got fd for /dev/input/event5 13:69 fd 21 paused 0
[    21.998] (**) TPPS/2 IBM TrackPoint: always reports core events
[    21.998] (**) Option "Device" "/dev/input/event5"
[    21.998] (**) Option "_source" "server/udev"
[    21.999] (II) event5  - TPPS/2 IBM TrackPoint: is tagged by udev as: Mouse Pointingstick
[    22.000] (II) event5  - TPPS/2 IBM TrackPoint: device is a pointer
[    22.001] (II) event5  - TPPS/2 IBM TrackPoint: device removed
[    22.001] (**) Option "config_info" "udev:/sys/devices/platform/i8042/serio1/input/input5/event5"
[    22.001] (II) XINPUT: Adding extended input device "TPPS/2 IBM TrackPoint" (type: MOUSE, id 10)
[    22.001] (**) Option "AccelerationScheme" "none"
[    22.001] (**) TPPS/2 IBM TrackPoint: (accel) selected scheme none/0
[    22.001] (**) TPPS/2 IBM TrackPoint: (accel) acceleration factor: 2.000
[    22.001] (**) TPPS/2 IBM TrackPoint: (accel) acceleration threshold: 4
[    22.003] (II) event5  - TPPS/2 IBM TrackPoint: is tagged by udev as: Mouse Pointingstick
[    22.003] (II) event5  - TPPS/2 IBM TrackPoint: device is a pointer
[    22.005] (II) config/udev: Adding input device TPPS/2 IBM TrackPoint (/dev/input/mouse0)
[    22.005] (II) No input driver specified, ignoring this device.
[    22.005] (II) This device may have been added with another device file.
[    22.011] (II) config/udev: Adding input device ThinkPad Extra Buttons (/dev/input/event4)
[    22.011] (**) ThinkPad Extra Buttons: Applying InputClass "libinput keyboard catchall"
[    22.011] (II) Using input driver 'libinput' for 'ThinkPad Extra Buttons'
[    22.012] (II) systemd-logind: got fd for /dev/input/event4 13:68 fd 22 paused 0
[    22.012] (**) ThinkPad Extra Buttons: always reports core events
[    22.012] (**) Option "Device" "/dev/input/event4"
[    22.012] (**) Option "_source" "server/udev"
[    22.013] (II) event4  - ThinkPad Extra Buttons: is tagged by udev as: Keyboard Switch
[    22.014] (II) event4  - ThinkPad Extra Buttons: device is a keyboard
[    22.014] (II) event4  - ThinkPad Extra Buttons: device removed
[    22.014] (**) Option "config_info" "udev:/sys/devices/platform/thinkpad_acpi/input/input6/event4"
[    22.014] (II) XINPUT: Adding extended input device "ThinkPad Extra Buttons" (type: KEYBOARD, id 11)
[    22.016] (II) event4  - ThinkPad Extra Buttons: is tagged by udev as: Keyboard Switch
[    22.016] (II) event4  - ThinkPad Extra Buttons: device is a keyboard
[    22.224] (II) modeset(0): EDID vendor "LEN", prod id 16451
[    22.224] (II) modeset(0): Printing DDC gathered Modelines:
[    22.224] (II) modeset(0): Modeline "1400x1050"x0.0  108.00  1400 1448 1560 1688  1050 1051 1054 1066 -hsync -vsync (64.0 kHz eP)
[    22.224] (II) modeset(0): Modeline "1400x1050"x0.0   90.00  1400 1448 1560 1688  1050 1051 1054 1066 -hsync -vsync (53.3 kHz e)
[    22.224] (II) modeset(0): Modeline "800x600"x0.0   40.00  800 840 968 1056  600 601 605 628 +hsync +vsync (37.9 kHz e)
[    22.224] (II) modeset(0): Modeline "640x480"x0.0   25.18  640 656 752 800  480 490 492 525 -hsync -vsync (31.5 kHz e)
[    22.224] (II) modeset(0): Modeline "1024x768"x0.0   65.00  1024 1048 1184 1344  768 771 777 806 -hsync -vsync (48.4 kHz e)
[    22.224] (II) modeset(0): Modeline "1280x1024"x0.0  108.00  1280 1328 1440 1688  1024 1025 1028 1066 +hsync +vsync (64.0 kHz e)
[    37.069] (EE) client bug: timer event5 debounce: scheduled expiry is in the past (-58ms), your system is too slow
[    37.069] (EE) client bug: timer event5 debounce short: scheduled expiry is in the past (-71ms), your system is too slow
[    38.381] (EE) client bug: timer event5 debounce: scheduled expiry is in the past (-27ms), your system is too slow
[    38.381] (EE) client bug: timer event5 debounce short: scheduled expiry is in the past (-40ms), your system is too slow
[    57.071] (EE) event3  - AT Translated Set 2 keyboard: client bug: event processing lagging behind by 23ms, your system is too slow
[    71.279] (EE) event3  - AT Translated Set 2 keyboard: client bug: event processing lagging behind by 25ms, your system is too slow
[    90.727] (EE) event3  - AT Translated Set 2 keyboard: client bug: event processing lagging behind by 15ms, your system is too slow
[    91.063] (EE) event3  - AT Translated Set 2 keyboard: client bug: event processing lagging behind by 14ms, your system is too slow
[    91.409] (EE) event3  - AT Translated Set 2 keyboard: client bug: event processing lagging behind by 19ms, your system is too slow
[    91.409] (EE) event3  - AT Translated Set 2 keyboard: WARNING: log rate limit exceeded (5 msgs per 60min). Discarding future messages.
[   297.202] (EE) client bug: timer event5 debounce: scheduled expiry is in the past (-2ms), your system is too slow
[   297.202] (EE) client bug: timer event5 debounce short: scheduled expiry is in the past (-15ms), your system is too slow
